<?xml version="1.0" encoding="UTF-8"?>
<!-- Generated by org.testng.reporters.JUnitReportReporter -->
<testsuite skipped="0" hostname="DESKTOP-LFLVMEF" name="variousConcept.CrmTest" tests="1" failures="0" timestamp="2022-02-06T22:41:52 CST" time="14.835" errors="0">
  <testcase name="crmTest" time="14.835" classname="variousConcept.CrmTest"/>
  <system-out/>
</testsuite> <!-- variousConcept.CrmTest -->
